[23-Apr-2016 02:47:12 America/Sao_Paulo] PHP Notice:  Undefined index: rowid in /var/www/html/cinevi/components/com_fabrik/router.php on line 231
[23-Apr-2016 03:05:23 America/Sao_Paulo] PHP Notice:  Undefined index: rowid in /var/www/html/cinevi/components/com_fabrik/router.php on line 231
[23-Apr-2016 03:08:46 America/Sao_Paulo] PHP Parse error:  syntax error, unexpected 'endif' (T_ENDIF) in /var/www/html/cinevi/components/com_fabrik/views/details/tmpl/bootstrap/default.php on line 39
[23-Apr-2016 03:11:56 America/Sao_Paulo] PHP Notice:  Undefined index: rowid in /var/www/html/cinevi/components/com_fabrik/router.php on line 231
[23-Apr-2016 03:43:37 America/Sao_Paulo] PHP Notice:  Undefined index: rowid in /var/www/html/cinevi/components/com_fabrik/router.php on line 231
[23-Apr-2016 04:09:06 America/Sao_Paulo] PHP Notice:  Undefined index: rowid in /var/www/html/cinevi/components/com_fabrik/router.php on line 231
[23-Apr-2016 04:26:03 America/Sao_Paulo] PHP Notice:  Undefined index: rowid in /var/www/html/cinevi/components/com_fabrik/router.php on line 231
[23-Apr-2016 14:20:15 America/Sao_Paulo] PHP Notice:  Undefined index: rowid in /var/www/html/cinevi/components/com_fabrik/router.php on line 231
[23-Apr-2016 15:04:10 America/Sao_Paulo] PHP Notice:  Undefined index: rowid in /var/www/html/cinevi/components/com_fabrik/router.php on line 231
[23-Apr-2016 15:09:30 America/Sao_Paulo] PHP Fatal error:  Allowed memory size of 2147483648 bytes exhausted (tried to allocate 2140938240 bytes) in /var/www/html/cinevi/templates/cinevi/html/com_fabrik/details/bootstrap/default.php on line 18
[23-Apr-2016 15:10:53 America/Sao_Paulo] PHP Notice:  Undefined index: rowid in /var/www/html/cinevi/templates/cinevi/html/com_fabrik/details/bootstrap/default.php on line 18
[23-Apr-2016 15:11:13 America/Sao_Paulo] PHP Notice:  Undefined index: formid in /var/www/html/cinevi/templates/cinevi/html/com_fabrik/details/bootstrap/default.php on line 18
[23-Apr-2016 15:22:34 America/Sao_Paulo] PHP Notice:  Undefined index: form in /var/www/html/cinevi/libraries/legacy/view/legacy.php on line 429
[23-Apr-2016 16:41:09 America/Sao_Paulo] PHP Fatal error:  Call to a member function getClas() on string in /var/www/html/cinevi/templates/cinevi/html/layouts/joomla/form/renderfield.php on line 35
[23-Apr-2016 16:41:16 America/Sao_Paulo] PHP Fatal error:  Call to a member function getClass() on string in /var/www/html/cinevi/templates/cinevi/html/layouts/joomla/form/renderfield.php on line 35
[23-Apr-2016 16:41:28 America/Sao_Paulo] PHP Parse error:  syntax error, unexpected ';' in /var/www/html/cinevi/templates/cinevi/html/layouts/joomla/form/renderfield.php on line 35
[23-Apr-2016 18:46:37 America/Sao_Paulo] PHP Notice:  Undefined index: form in /var/www/html/cinevi/libraries/legacy/view/legacy.php on line 429
[23-Apr-2016 18:57:33 America/Sao_Paulo] PHP Parse error:  syntax error, unexpected '/' in /var/www/html/cinevi/templates/cinevi/index.php on line 35
[23-Apr-2016 19:16:05 America/Sao_Paulo] PHP Notice:  Undefined index: form in /var/www/html/cinevi/libraries/legacy/view/legacy.php on line 429
[23-Apr-2016 19:16:05 America/Sao_Paulo] PHP Fatal error:  Call to undefined method JDocumentError::countModules() in /var/www/html/cinevi/templates/cinevi/error.php on line 84
[23-Apr-2016 19:27:09 America/Sao_Paulo] PHP Notice:  Undefined index: form in /var/www/html/cinevi/libraries/legacy/view/legacy.php on line 429
[23-Apr-2016 19:27:09 America/Sao_Paulo] PHP Fatal error:  Call to undefined method JDocumentError::countModules() in /var/www/html/cinevi/templates/cinevi/error.php on line 120
[23-Apr-2016 19:29:14 America/Sao_Paulo] PHP Notice:  Undefined index: form in /var/www/html/cinevi/libraries/legacy/view/legacy.php on line 429
[23-Apr-2016 19:29:14 America/Sao_Paulo] PHP Fatal error:  Call to undefined method JDocumentError::countModules() in /var/www/html/cinevi/templates/cinevi/error.php on line 120
[23-Apr-2016 19:29:16 America/Sao_Paulo] PHP Notice:  Undefined index: form in /var/www/html/cinevi/libraries/legacy/view/legacy.php on line 429
[23-Apr-2016 19:29:16 America/Sao_Paulo] PHP Fatal error:  Call to undefined method JDocumentError::countModules() in /var/www/html/cinevi/templates/cinevi/error.php on line 120
[23-Apr-2016 22:30:05 UTC] PHP Fatal error:  Call to undefined method JDocumentError::countModules() in /var/www/html/cinevi/templates/cinevi/error.php on line 120
[23-Apr-2016 19:31:49 America/Sao_Paulo] PHP Notice:  Undefined index: form in /var/www/html/cinevi/libraries/legacy/view/legacy.php on line 429
[23-Apr-2016 19:31:49 America/Sao_Paulo] PHP Fatal error:  Call to undefined method JDocumentError::countModules() in /var/www/html/cinevi/templates/cinevi/error.php on line 125
[23-Apr-2016 19:31:51 America/Sao_Paulo] PHP Notice:  Undefined index: form in /var/www/html/cinevi/libraries/legacy/view/legacy.php on line 429
[23-Apr-2016 19:31:51 America/Sao_Paulo] PHP Fatal error:  Call to undefined method JDocumentError::countModules() in /var/www/html/cinevi/templates/cinevi/error.php on line 125
[23-Apr-2016 19:36:31 America/Sao_Paulo] PHP Notice:  Undefined index: form in /var/www/html/cinevi/libraries/legacy/view/legacy.php on line 429
[24-Apr-2016 11:50:45 America/Sao_Paulo] PHP Notice:  Undefined variable: moduleclass_sfx in /var/www/html/cinevi/templates/cinevi/index.php on line 243
[24-Apr-2016 11:51:06 America/Sao_Paulo] PHP Notice:  Undefined variable: moduleclass_sfx in /var/www/html/cinevi/templates/cinevi/index.php on line 243
