[25-Jan-2016 04:00:11 America/Sao_Paulo] PHP Warning:  fopen(/var/www/vhosts/www.cinevi.uff.br/public_html/logs/error.php) [<a href='/php-manual-en/function.fopen.html'>function.fopen.html</a>]: failed to open stream: No such file or directory in /var/www/html/cinevi/libraries/joomla/log/logger/formattedtext.php on line 230
[25-Jan-2016 04:38:15 America/Sao_Paulo] PHP Warning:  implode() [<a href='/php-manual-en/function.implode.html'>function.implode.html</a>]: Invalid arguments passed in /var/www/html/cinevi/plugins/system/fabrik/fabrik.php on line 124
[25-Jan-2016 04:38:15 America/Sao_Paulo] PHP Warning:  implode() [<a href='/php-manual-en/function.implode.html'>function.implode.html</a>]: Invalid arguments passed in /var/www/html/cinevi/plugins/system/fabrik/fabrik.php on line 127
[25-Jan-2016 05:10:09 America/Sao_Paulo] PHP Warning:  implode() [<a href='/php-manual-en/function.implode.html'>function.implode.html</a>]: Invalid arguments passed in /var/www/html/cinevi/plugins/system/fabrik/fabrik.php on line 124
[25-Jan-2016 05:10:09 America/Sao_Paulo] PHP Warning:  implode() [<a href='/php-manual-en/function.implode.html'>function.implode.html</a>]: Invalid arguments passed in /var/www/html/cinevi/plugins/system/fabrik/fabrik.php on line 127
[25-Jan-2016 05:36:22 America/Sao_Paulo] PHP Warning:  implode() [<a href='/php-manual-en/function.implode.html'>function.implode.html</a>]: Invalid arguments passed in /var/www/html/cinevi/plugins/system/fabrik/fabrik.php on line 124
[25-Jan-2016 05:36:22 America/Sao_Paulo] PHP Warning:  implode() [<a href='/php-manual-en/function.implode.html'>function.implode.html</a>]: Invalid arguments passed in /var/www/html/cinevi/plugins/system/fabrik/fabrik.php on line 127
[25-Jan-2016 08:21:48 America/Sao_Paulo] PHP Notice:  Undefined property: stdClass::$plugins in /var/www/html/cinevi/tmp/install_56a5f737ec5df/com_fabrik.manifest.class.php on line 318
[25-Jan-2016 08:21:48 America/Sao_Paulo] PHP Notice:  Undefined property: stdClass::$plugins in /var/www/html/cinevi/tmp/install_56a5f737ec5df/com_fabrik.manifest.class.php on line 318
[25-Jan-2016 08:21:48 America/Sao_Paulo] PHP Notice:  Undefined variable: msg in /var/www/html/cinevi/tmp/install_56a5f737ec5df/com_fabrik.manifest.class.php on line 334
[25-Jan-2016 08:21:48 America/Sao_Paulo] PHP Warning:  implode() [<a href='/php-manual-en/function.implode.html'>function.implode.html</a>]: Invalid arguments passed in /var/www/html/cinevi/tmp/install_56a5f737ec5df/com_fabrik.manifest.class.php on line 334
[25-Jan-2016 08:21:55 America/Sao_Paulo] PHP Notice:  Undefined property: stdClass::$plugins in /var/www/html/cinevi/tmp/install_56a5f737ec5df/com_fabrik.manifest.class.php on line 318
[25-Jan-2016 08:21:55 America/Sao_Paulo] PHP Notice:  Undefined property: stdClass::$plugins in /var/www/html/cinevi/tmp/install_56a5f737ec5df/com_fabrik.manifest.class.php on line 318
[25-Jan-2016 08:21:55 America/Sao_Paulo] PHP Notice:  Undefined variable: msg in /var/www/html/cinevi/tmp/install_56a5f737ec5df/com_fabrik.manifest.class.php on line 334
[25-Jan-2016 08:21:55 America/Sao_Paulo] PHP Warning:  implode() [<a href='/php-manual-en/function.implode.html'>function.implode.html</a>]: Invalid arguments passed in /var/www/html/cinevi/tmp/install_56a5f737ec5df/com_fabrik.manifest.class.php on line 334
[25-Jan-2016 08:21:57 America/Sao_Paulo] PHP Notice:  Undefined property: stdClass::$plugins in /var/www/html/cinevi/tmp/install_56a5f737ec5df/com_fabrik.manifest.class.php on line 318
[25-Jan-2016 08:21:57 America/Sao_Paulo] PHP Notice:  Undefined property: stdClass::$plugins in /var/www/html/cinevi/tmp/install_56a5f737ec5df/com_fabrik.manifest.class.php on line 318
[25-Jan-2016 08:21:57 America/Sao_Paulo] PHP Notice:  Undefined variable: msg in /var/www/html/cinevi/tmp/install_56a5f737ec5df/com_fabrik.manifest.class.php on line 334
[25-Jan-2016 08:21:57 America/Sao_Paulo] PHP Warning:  implode() [<a href='/php-manual-en/function.implode.html'>function.implode.html</a>]: Invalid arguments passed in /var/www/html/cinevi/tmp/install_56a5f737ec5df/com_fabrik.manifest.class.php on line 334
[25-Jan-2016 08:21:59 America/Sao_Paulo] PHP Notice:  Undefined property: stdClass::$plugins in /var/www/html/cinevi/tmp/install_56a5f737ec5df/com_fabrik.manifest.class.php on line 318
[25-Jan-2016 08:21:59 America/Sao_Paulo] PHP Notice:  Undefined property: stdClass::$plugins in /var/www/html/cinevi/tmp/install_56a5f737ec5df/com_fabrik.manifest.class.php on line 318
[25-Jan-2016 08:21:59 America/Sao_Paulo] PHP Notice:  Undefined variable: msg in /var/www/html/cinevi/tmp/install_56a5f737ec5df/com_fabrik.manifest.class.php on line 334
[25-Jan-2016 08:21:59 America/Sao_Paulo] PHP Warning:  implode() [<a href='/php-manual-en/function.implode.html'>function.implode.html</a>]: Invalid arguments passed in /var/www/html/cinevi/tmp/install_56a5f737ec5df/com_fabrik.manifest.class.php on line 334
[25-Jan-2016 08:22:00 America/Sao_Paulo] PHP Notice:  Undefined property: stdClass::$plugins in /var/www/html/cinevi/tmp/install_56a5f737ec5df/com_fabrik.manifest.class.php on line 318
[25-Jan-2016 08:22:00 America/Sao_Paulo] PHP Notice:  Undefined property: stdClass::$plugins in /var/www/html/cinevi/tmp/install_56a5f737ec5df/com_fabrik.manifest.class.php on line 318
[25-Jan-2016 08:22:00 America/Sao_Paulo] PHP Notice:  Undefined variable: msg in /var/www/html/cinevi/tmp/install_56a5f737ec5df/com_fabrik.manifest.class.php on line 334
[25-Jan-2016 08:22:00 America/Sao_Paulo] PHP Warning:  implode() [<a href='/php-manual-en/function.implode.html'>function.implode.html</a>]: Invalid arguments passed in /var/www/html/cinevi/tmp/install_56a5f737ec5df/com_fabrik.manifest.class.php on line 334
[25-Jan-2016 08:22:02 America/Sao_Paulo] PHP Notice:  Undefined property: stdClass::$plugins in /var/www/html/cinevi/tmp/install_56a5f737ec5df/com_fabrik.manifest.class.php on line 318
[25-Jan-2016 08:22:02 America/Sao_Paulo] PHP Notice:  Undefined property: stdClass::$plugins in /var/www/html/cinevi/tmp/install_56a5f737ec5df/com_fabrik.manifest.class.php on line 318
[25-Jan-2016 08:22:02 America/Sao_Paulo] PHP Notice:  Undefined variable: msg in /var/www/html/cinevi/tmp/install_56a5f737ec5df/com_fabrik.manifest.class.php on line 334
[25-Jan-2016 08:22:02 America/Sao_Paulo] PHP Warning:  implode() [<a href='/php-manual-en/function.implode.html'>function.implode.html</a>]: Invalid arguments passed in /var/www/html/cinevi/tmp/install_56a5f737ec5df/com_fabrik.manifest.class.php on line 334
[25-Jan-2016 08:22:04 America/Sao_Paulo] PHP Notice:  Undefined property: stdClass::$plugins in /var/www/html/cinevi/tmp/install_56a5f737ec5df/com_fabrik.manifest.class.php on line 318
[25-Jan-2016 08:22:04 America/Sao_Paulo] PHP Notice:  Undefined property: stdClass::$plugins in /var/www/html/cinevi/tmp/install_56a5f737ec5df/com_fabrik.manifest.class.php on line 318
[25-Jan-2016 08:22:04 America/Sao_Paulo] PHP Notice:  Undefined variable: msg in /var/www/html/cinevi/tmp/install_56a5f737ec5df/com_fabrik.manifest.class.php on line 334
[25-Jan-2016 08:22:04 America/Sao_Paulo] PHP Warning:  implode() [<a href='/php-manual-en/function.implode.html'>function.implode.html</a>]: Invalid arguments passed in /var/www/html/cinevi/tmp/install_56a5f737ec5df/com_fabrik.manifest.class.php on line 334
[25-Jan-2016 08:22:06 America/Sao_Paulo] PHP Notice:  Undefined property: stdClass::$plugins in /var/www/html/cinevi/tmp/install_56a5f737ec5df/com_fabrik.manifest.class.php on line 318
[25-Jan-2016 08:22:06 America/Sao_Paulo] PHP Notice:  Undefined property: stdClass::$plugins in /var/www/html/cinevi/tmp/install_56a5f737ec5df/com_fabrik.manifest.class.php on line 318
[25-Jan-2016 08:22:06 America/Sao_Paulo] PHP Notice:  Undefined variable: msg in /var/www/html/cinevi/tmp/install_56a5f737ec5df/com_fabrik.manifest.class.php on line 334
[25-Jan-2016 08:22:06 America/Sao_Paulo] PHP Warning:  implode() [<a href='/php-manual-en/function.implode.html'>function.implode.html</a>]: Invalid arguments passed in /var/www/html/cinevi/tmp/install_56a5f737ec5df/com_fabrik.manifest.class.php on line 334
[25-Jan-2016 08:22:08 America/Sao_Paulo] PHP Notice:  Undefined property: stdClass::$plugins in /var/www/html/cinevi/tmp/install_56a5f737ec5df/com_fabrik.manifest.class.php on line 318
[25-Jan-2016 08:22:08 America/Sao_Paulo] PHP Notice:  Undefined property: stdClass::$plugins in /var/www/html/cinevi/tmp/install_56a5f737ec5df/com_fabrik.manifest.class.php on line 318
[25-Jan-2016 08:22:08 America/Sao_Paulo] PHP Notice:  Undefined variable: msg in /var/www/html/cinevi/tmp/install_56a5f737ec5df/com_fabrik.manifest.class.php on line 334
[25-Jan-2016 08:22:08 America/Sao_Paulo] PHP Warning:  implode() [<a href='/php-manual-en/function.implode.html'>function.implode.html</a>]: Invalid arguments passed in /var/www/html/cinevi/tmp/install_56a5f737ec5df/com_fabrik.manifest.class.php on line 334
[25-Jan-2016 08:22:09 America/Sao_Paulo] PHP Notice:  Undefined property: stdClass::$plugins in /var/www/html/cinevi/tmp/install_56a5f737ec5df/com_fabrik.manifest.class.php on line 318
[25-Jan-2016 08:22:09 America/Sao_Paulo] PHP Notice:  Undefined property: stdClass::$plugins in /var/www/html/cinevi/tmp/install_56a5f737ec5df/com_fabrik.manifest.class.php on line 318
[25-Jan-2016 08:22:09 America/Sao_Paulo] PHP Notice:  Undefined variable: msg in /var/www/html/cinevi/tmp/install_56a5f737ec5df/com_fabrik.manifest.class.php on line 334
[25-Jan-2016 08:22:09 America/Sao_Paulo] PHP Warning:  implode() [<a href='/php-manual-en/function.implode.html'>function.implode.html</a>]: Invalid arguments passed in /var/www/html/cinevi/tmp/install_56a5f737ec5df/com_fabrik.manifest.class.php on line 334
[25-Jan-2016 08:22:11 America/Sao_Paulo] PHP Notice:  Undefined property: stdClass::$plugins in /var/www/html/cinevi/tmp/install_56a5f737ec5df/com_fabrik.manifest.class.php on line 318
[25-Jan-2016 08:22:11 America/Sao_Paulo] PHP Notice:  Undefined property: stdClass::$plugins in /var/www/html/cinevi/tmp/install_56a5f737ec5df/com_fabrik.manifest.class.php on line 318
[25-Jan-2016 08:22:11 America/Sao_Paulo] PHP Notice:  Undefined variable: msg in /var/www/html/cinevi/tmp/install_56a5f737ec5df/com_fabrik.manifest.class.php on line 334
[25-Jan-2016 08:22:11 America/Sao_Paulo] PHP Warning:  implode() [<a href='/php-manual-en/function.implode.html'>function.implode.html</a>]: Invalid arguments passed in /var/www/html/cinevi/tmp/install_56a5f737ec5df/com_fabrik.manifest.class.php on line 334
[25-Jan-2016 08:22:14 America/Sao_Paulo] PHP Notice:  Undefined property: stdClass::$plugins in /var/www/html/cinevi/tmp/install_56a5f737ec5df/com_fabrik.manifest.class.php on line 318
[25-Jan-2016 08:22:14 America/Sao_Paulo] PHP Notice:  Undefined property: stdClass::$plugins in /var/www/html/cinevi/tmp/install_56a5f737ec5df/com_fabrik.manifest.class.php on line 318
[25-Jan-2016 08:22:14 America/Sao_Paulo] PHP Notice:  Undefined variable: msg in /var/www/html/cinevi/tmp/install_56a5f737ec5df/com_fabrik.manifest.class.php on line 334
[25-Jan-2016 08:22:14 America/Sao_Paulo] PHP Warning:  implode() [<a href='/php-manual-en/function.implode.html'>function.implode.html</a>]: Invalid arguments passed in /var/www/html/cinevi/tmp/install_56a5f737ec5df/com_fabrik.manifest.class.php on line 334
[25-Jan-2016 08:22:15 America/Sao_Paulo] PHP Notice:  Undefined property: stdClass::$plugins in /var/www/html/cinevi/tmp/install_56a5f737ec5df/com_fabrik.manifest.class.php on line 318
[25-Jan-2016 08:22:15 America/Sao_Paulo] PHP Notice:  Undefined property: stdClass::$plugins in /var/www/html/cinevi/tmp/install_56a5f737ec5df/com_fabrik.manifest.class.php on line 318
[25-Jan-2016 08:22:15 America/Sao_Paulo] PHP Notice:  Undefined variable: msg in /var/www/html/cinevi/tmp/install_56a5f737ec5df/com_fabrik.manifest.class.php on line 334
[25-Jan-2016 08:22:15 America/Sao_Paulo] PHP Warning:  implode() [<a href='/php-manual-en/function.implode.html'>function.implode.html</a>]: Invalid arguments passed in /var/www/html/cinevi/tmp/install_56a5f737ec5df/com_fabrik.manifest.class.php on line 334
[25-Jan-2016 08:22:17 America/Sao_Paulo] PHP Notice:  Undefined property: stdClass::$plugins in /var/www/html/cinevi/tmp/install_56a5f737ec5df/com_fabrik.manifest.class.php on line 318
[25-Jan-2016 08:22:17 America/Sao_Paulo] PHP Notice:  Undefined property: stdClass::$plugins in /var/www/html/cinevi/tmp/install_56a5f737ec5df/com_fabrik.manifest.class.php on line 318
[25-Jan-2016 08:22:17 America/Sao_Paulo] PHP Notice:  Undefined variable: msg in /var/www/html/cinevi/tmp/install_56a5f737ec5df/com_fabrik.manifest.class.php on line 334
[25-Jan-2016 08:22:17 America/Sao_Paulo] PHP Warning:  implode() [<a href='/php-manual-en/function.implode.html'>function.implode.html</a>]: Invalid arguments passed in /var/www/html/cinevi/tmp/install_56a5f737ec5df/com_fabrik.manifest.class.php on line 334
[25-Jan-2016 08:22:18 America/Sao_Paulo] PHP Notice:  Undefined property: stdClass::$plugins in /var/www/html/cinevi/tmp/install_56a5f737ec5df/com_fabrik.manifest.class.php on line 318
[25-Jan-2016 08:22:18 America/Sao_Paulo] PHP Notice:  Undefined property: stdClass::$plugins in /var/www/html/cinevi/tmp/install_56a5f737ec5df/com_fabrik.manifest.class.php on line 318
[25-Jan-2016 08:22:18 America/Sao_Paulo] PHP Notice:  Undefined variable: msg in /var/www/html/cinevi/tmp/install_56a5f737ec5df/com_fabrik.manifest.class.php on line 334
[25-Jan-2016 08:22:18 America/Sao_Paulo] PHP Warning:  implode() [<a href='/php-manual-en/function.implode.html'>function.implode.html</a>]: Invalid arguments passed in /var/www/html/cinevi/tmp/install_56a5f737ec5df/com_fabrik.manifest.class.php on line 334
[25-Jan-2016 08:22:20 America/Sao_Paulo] PHP Notice:  Undefined property: stdClass::$plugins in /var/www/html/cinevi/tmp/install_56a5f737ec5df/com_fabrik.manifest.class.php on line 318
[25-Jan-2016 08:22:20 America/Sao_Paulo] PHP Notice:  Undefined property: stdClass::$plugins in /var/www/html/cinevi/tmp/install_56a5f737ec5df/com_fabrik.manifest.class.php on line 318
[25-Jan-2016 08:22:20 America/Sao_Paulo] PHP Notice:  Undefined variable: msg in /var/www/html/cinevi/tmp/install_56a5f737ec5df/com_fabrik.manifest.class.php on line 334
[25-Jan-2016 08:22:20 America/Sao_Paulo] PHP Warning:  implode() [<a href='/php-manual-en/function.implode.html'>function.implode.html</a>]: Invalid arguments passed in /var/www/html/cinevi/tmp/install_56a5f737ec5df/com_fabrik.manifest.class.php on line 334
[25-Jan-2016 08:22:22 America/Sao_Paulo] PHP Notice:  Undefined property: stdClass::$plugins in /var/www/html/cinevi/tmp/install_56a5f737ec5df/com_fabrik.manifest.class.php on line 318
[25-Jan-2016 08:22:22 America/Sao_Paulo] PHP Notice:  Undefined property: stdClass::$plugins in /var/www/html/cinevi/tmp/install_56a5f737ec5df/com_fabrik.manifest.class.php on line 318
[25-Jan-2016 08:22:22 America/Sao_Paulo] PHP Notice:  Undefined variable: msg in /var/www/html/cinevi/tmp/install_56a5f737ec5df/com_fabrik.manifest.class.php on line 334
[25-Jan-2016 08:22:22 America/Sao_Paulo] PHP Warning:  implode() [<a href='/php-manual-en/function.implode.html'>function.implode.html</a>]: Invalid arguments passed in /var/www/html/cinevi/tmp/install_56a5f737ec5df/com_fabrik.manifest.class.php on line 334
[25-Jan-2016 08:22:23 America/Sao_Paulo] PHP Notice:  Undefined property: stdClass::$plugins in /var/www/html/cinevi/tmp/install_56a5f737ec5df/com_fabrik.manifest.class.php on line 318
[25-Jan-2016 08:22:23 America/Sao_Paulo] PHP Notice:  Undefined property: stdClass::$plugins in /var/www/html/cinevi/tmp/install_56a5f737ec5df/com_fabrik.manifest.class.php on line 318
[25-Jan-2016 08:22:23 America/Sao_Paulo] PHP Notice:  Undefined variable: msg in /var/www/html/cinevi/tmp/install_56a5f737ec5df/com_fabrik.manifest.class.php on line 334
[25-Jan-2016 08:22:23 America/Sao_Paulo] PHP Warning:  implode() [<a href='/php-manual-en/function.implode.html'>function.implode.html</a>]: Invalid arguments passed in /var/www/html/cinevi/tmp/install_56a5f737ec5df/com_fabrik.manifest.class.php on line 334
[25-Jan-2016 08:22:25 America/Sao_Paulo] PHP Notice:  Undefined property: stdClass::$plugins in /var/www/html/cinevi/tmp/install_56a5f737ec5df/com_fabrik.manifest.class.php on line 318
[25-Jan-2016 08:22:25 America/Sao_Paulo] PHP Notice:  Undefined property: stdClass::$plugins in /var/www/html/cinevi/tmp/install_56a5f737ec5df/com_fabrik.manifest.class.php on line 318
[25-Jan-2016 08:22:25 America/Sao_Paulo] PHP Notice:  Undefined variable: msg in /var/www/html/cinevi/tmp/install_56a5f737ec5df/com_fabrik.manifest.class.php on line 334
[25-Jan-2016 08:22:25 America/Sao_Paulo] PHP Warning:  implode() [<a href='/php-manual-en/function.implode.html'>function.implode.html</a>]: Invalid arguments passed in /var/www/html/cinevi/tmp/install_56a5f737ec5df/com_fabrik.manifest.class.php on line 334
[25-Jan-2016 08:22:26 America/Sao_Paulo] PHP Notice:  Undefined property: stdClass::$plugins in /var/www/html/cinevi/tmp/install_56a5f737ec5df/com_fabrik.manifest.class.php on line 318
[25-Jan-2016 08:22:26 America/Sao_Paulo] PHP Notice:  Undefined property: stdClass::$plugins in /var/www/html/cinevi/tmp/install_56a5f737ec5df/com_fabrik.manifest.class.php on line 318
[25-Jan-2016 08:22:26 America/Sao_Paulo] PHP Notice:  Undefined variable: msg in /var/www/html/cinevi/tmp/install_56a5f737ec5df/com_fabrik.manifest.class.php on line 334
[25-Jan-2016 08:22:26 America/Sao_Paulo] PHP Warning:  implode() [<a href='/php-manual-en/function.implode.html'>function.implode.html</a>]: Invalid arguments passed in /var/www/html/cinevi/tmp/install_56a5f737ec5df/com_fabrik.manifest.class.php on line 334
[25-Jan-2016 08:22:28 America/Sao_Paulo] PHP Notice:  Undefined property: stdClass::$plugins in /var/www/html/cinevi/tmp/install_56a5f737ec5df/com_fabrik.manifest.class.php on line 318
[25-Jan-2016 08:22:28 America/Sao_Paulo] PHP Notice:  Undefined property: stdClass::$plugins in /var/www/html/cinevi/tmp/install_56a5f737ec5df/com_fabrik.manifest.class.php on line 318
[25-Jan-2016 08:22:28 America/Sao_Paulo] PHP Notice:  Undefined variable: msg in /var/www/html/cinevi/tmp/install_56a5f737ec5df/com_fabrik.manifest.class.php on line 334
[25-Jan-2016 08:22:28 America/Sao_Paulo] PHP Warning:  implode() [<a href='/php-manual-en/function.implode.html'>function.implode.html</a>]: Invalid arguments passed in /var/www/html/cinevi/tmp/install_56a5f737ec5df/com_fabrik.manifest.class.php on line 334
[25-Jan-2016 08:22:30 America/Sao_Paulo] PHP Notice:  Undefined property: stdClass::$plugins in /var/www/html/cinevi/tmp/install_56a5f737ec5df/com_fabrik.manifest.class.php on line 318
[25-Jan-2016 08:22:30 America/Sao_Paulo] PHP Notice:  Undefined property: stdClass::$plugins in /var/www/html/cinevi/tmp/install_56a5f737ec5df/com_fabrik.manifest.class.php on line 318
[25-Jan-2016 08:22:30 America/Sao_Paulo] PHP Notice:  Undefined variable: msg in /var/www/html/cinevi/tmp/install_56a5f737ec5df/com_fabrik.manifest.class.php on line 334
[25-Jan-2016 08:22:30 America/Sao_Paulo] PHP Warning:  implode() [<a href='/php-manual-en/function.implode.html'>function.implode.html</a>]: Invalid arguments passed in /var/www/html/cinevi/tmp/install_56a5f737ec5df/com_fabrik.manifest.class.php on line 334
[25-Jan-2016 08:22:31 America/Sao_Paulo] PHP Notice:  Undefined property: stdClass::$plugins in /var/www/html/cinevi/tmp/install_56a5f737ec5df/com_fabrik.manifest.class.php on line 318
[25-Jan-2016 08:22:31 America/Sao_Paulo] PHP Notice:  Undefined property: stdClass::$plugins in /var/www/html/cinevi/tmp/install_56a5f737ec5df/com_fabrik.manifest.class.php on line 318
[25-Jan-2016 08:22:32 America/Sao_Paulo] PHP Notice:  Undefined variable: msg in /var/www/html/cinevi/tmp/install_56a5f737ec5df/com_fabrik.manifest.class.php on line 334
[25-Jan-2016 08:22:32 America/Sao_Paulo] PHP Warning:  implode() [<a href='/php-manual-en/function.implode.html'>function.implode.html</a>]: Invalid arguments passed in /var/www/html/cinevi/tmp/install_56a5f737ec5df/com_fabrik.manifest.class.php on line 334
[25-Jan-2016 08:22:33 America/Sao_Paulo] PHP Notice:  Undefined property: stdClass::$plugins in /var/www/html/cinevi/tmp/install_56a5f737ec5df/com_fabrik.manifest.class.php on line 318
[25-Jan-2016 08:22:33 America/Sao_Paulo] PHP Notice:  Undefined property: stdClass::$plugins in /var/www/html/cinevi/tmp/install_56a5f737ec5df/com_fabrik.manifest.class.php on line 318
[25-Jan-2016 08:22:33 America/Sao_Paulo] PHP Notice:  Undefined variable: msg in /var/www/html/cinevi/tmp/install_56a5f737ec5df/com_fabrik.manifest.class.php on line 334
[25-Jan-2016 08:22:33 America/Sao_Paulo] PHP Warning:  implode() [<a href='/php-manual-en/function.implode.html'>function.implode.html</a>]: Invalid arguments passed in /var/www/html/cinevi/tmp/install_56a5f737ec5df/com_fabrik.manifest.class.php on line 334
[25-Jan-2016 08:22:35 America/Sao_Paulo] PHP Notice:  Undefined property: stdClass::$plugins in /var/www/html/cinevi/tmp/install_56a5f737ec5df/com_fabrik.manifest.class.php on line 318
[25-Jan-2016 08:22:35 America/Sao_Paulo] PHP Notice:  Undefined property: stdClass::$plugins in /var/www/html/cinevi/tmp/install_56a5f737ec5df/com_fabrik.manifest.class.php on line 318
[25-Jan-2016 08:22:35 America/Sao_Paulo] PHP Notice:  Undefined variable: msg in /var/www/html/cinevi/tmp/install_56a5f737ec5df/com_fabrik.manifest.class.php on line 334
[25-Jan-2016 08:22:35 America/Sao_Paulo] PHP Warning:  implode() [<a href='/php-manual-en/function.implode.html'>function.implode.html</a>]: Invalid arguments passed in /var/www/html/cinevi/tmp/install_56a5f737ec5df/com_fabrik.manifest.class.php on line 334
[25-Jan-2016 08:22:36 America/Sao_Paulo] PHP Notice:  Undefined property: stdClass::$plugins in /var/www/html/cinevi/tmp/install_56a5f737ec5df/com_fabrik.manifest.class.php on line 318
[25-Jan-2016 08:22:36 America/Sao_Paulo] PHP Notice:  Undefined property: stdClass::$plugins in /var/www/html/cinevi/tmp/install_56a5f737ec5df/com_fabrik.manifest.class.php on line 318
[25-Jan-2016 08:22:36 America/Sao_Paulo] PHP Notice:  Undefined variable: msg in /var/www/html/cinevi/tmp/install_56a5f737ec5df/com_fabrik.manifest.class.php on line 334
[25-Jan-2016 08:22:36 America/Sao_Paulo] PHP Warning:  implode() [<a href='/php-manual-en/function.implode.html'>function.implode.html</a>]: Invalid arguments passed in /var/www/html/cinevi/tmp/install_56a5f737ec5df/com_fabrik.manifest.class.php on line 334
[25-Jan-2016 08:22:38 America/Sao_Paulo] PHP Notice:  Undefined property: stdClass::$plugins in /var/www/html/cinevi/tmp/install_56a5f737ec5df/com_fabrik.manifest.class.php on line 318
[25-Jan-2016 08:22:38 America/Sao_Paulo] PHP Notice:  Undefined property: stdClass::$plugins in /var/www/html/cinevi/tmp/install_56a5f737ec5df/com_fabrik.manifest.class.php on line 318
[25-Jan-2016 08:22:38 America/Sao_Paulo] PHP Notice:  Undefined variable: msg in /var/www/html/cinevi/tmp/install_56a5f737ec5df/com_fabrik.manifest.class.php on line 334
[25-Jan-2016 08:22:38 America/Sao_Paulo] PHP Warning:  implode() [<a href='/php-manual-en/function.implode.html'>function.implode.html</a>]: Invalid arguments passed in /var/www/html/cinevi/tmp/install_56a5f737ec5df/com_fabrik.manifest.class.php on line 334
[25-Jan-2016 08:22:39 America/Sao_Paulo] PHP Notice:  Undefined property: stdClass::$plugins in /var/www/html/cinevi/tmp/install_56a5f737ec5df/com_fabrik.manifest.class.php on line 318
[25-Jan-2016 08:22:39 America/Sao_Paulo] PHP Notice:  Undefined property: stdClass::$plugins in /var/www/html/cinevi/tmp/install_56a5f737ec5df/com_fabrik.manifest.class.php on line 318
[25-Jan-2016 08:22:39 America/Sao_Paulo] PHP Notice:  Undefined variable: msg in /var/www/html/cinevi/tmp/install_56a5f737ec5df/com_fabrik.manifest.class.php on line 334
[25-Jan-2016 08:22:39 America/Sao_Paulo] PHP Warning:  implode() [<a href='/php-manual-en/function.implode.html'>function.implode.html</a>]: Invalid arguments passed in /var/www/html/cinevi/tmp/install_56a5f737ec5df/com_fabrik.manifest.class.php on line 334
[25-Jan-2016 08:22:41 America/Sao_Paulo] PHP Notice:  Undefined property: stdClass::$plugins in /var/www/html/cinevi/tmp/install_56a5f737ec5df/com_fabrik.manifest.class.php on line 318
[25-Jan-2016 08:22:41 America/Sao_Paulo] PHP Notice:  Undefined property: stdClass::$plugins in /var/www/html/cinevi/tmp/install_56a5f737ec5df/com_fabrik.manifest.class.php on line 318
[25-Jan-2016 08:22:41 America/Sao_Paulo] PHP Notice:  Undefined variable: msg in /var/www/html/cinevi/tmp/install_56a5f737ec5df/com_fabrik.manifest.class.php on line 334
[25-Jan-2016 08:22:41 America/Sao_Paulo] PHP Warning:  implode() [<a href='/php-manual-en/function.implode.html'>function.implode.html</a>]: Invalid arguments passed in /var/www/html/cinevi/tmp/install_56a5f737ec5df/com_fabrik.manifest.class.php on line 334
[25-Jan-2016 08:22:43 America/Sao_Paulo] PHP Notice:  Undefined property: stdClass::$plugins in /var/www/html/cinevi/tmp/install_56a5f737ec5df/com_fabrik.manifest.class.php on line 318
[25-Jan-2016 08:22:43 America/Sao_Paulo] PHP Notice:  Undefined property: stdClass::$plugins in /var/www/html/cinevi/tmp/install_56a5f737ec5df/com_fabrik.manifest.class.php on line 318
[25-Jan-2016 08:22:43 America/Sao_Paulo] PHP Notice:  Undefined variable: msg in /var/www/html/cinevi/tmp/install_56a5f737ec5df/com_fabrik.manifest.class.php on line 334
[25-Jan-2016 08:22:43 America/Sao_Paulo] PHP Warning:  implode() [<a href='/php-manual-en/function.implode.html'>function.implode.html</a>]: Invalid arguments passed in /var/www/html/cinevi/tmp/install_56a5f737ec5df/com_fabrik.manifest.class.php on line 334
[25-Jan-2016 08:22:45 America/Sao_Paulo] PHP Notice:  Undefined property: stdClass::$plugins in /var/www/html/cinevi/tmp/install_56a5f737ec5df/com_fabrik.manifest.class.php on line 318
[25-Jan-2016 08:22:45 America/Sao_Paulo] PHP Notice:  Undefined property: stdClass::$plugins in /var/www/html/cinevi/tmp/install_56a5f737ec5df/com_fabrik.manifest.class.php on line 318
[25-Jan-2016 08:22:45 America/Sao_Paulo] PHP Notice:  Undefined variable: msg in /var/www/html/cinevi/tmp/install_56a5f737ec5df/com_fabrik.manifest.class.php on line 334
[25-Jan-2016 08:22:45 America/Sao_Paulo] PHP Warning:  implode() [<a href='/php-manual-en/function.implode.html'>function.implode.html</a>]: Invalid arguments passed in /var/www/html/cinevi/tmp/install_56a5f737ec5df/com_fabrik.manifest.class.php on line 334
[25-Jan-2016 08:22:47 America/Sao_Paulo] PHP Notice:  Undefined property: stdClass::$plugins in /var/www/html/cinevi/tmp/install_56a5f737ec5df/com_fabrik.manifest.class.php on line 318
[25-Jan-2016 08:22:47 America/Sao_Paulo] PHP Notice:  Undefined property: stdClass::$plugins in /var/www/html/cinevi/tmp/install_56a5f737ec5df/com_fabrik.manifest.class.php on line 318
[25-Jan-2016 08:22:47 America/Sao_Paulo] PHP Notice:  Undefined variable: msg in /var/www/html/cinevi/tmp/install_56a5f737ec5df/com_fabrik.manifest.class.php on line 334
[25-Jan-2016 08:22:47 America/Sao_Paulo] PHP Warning:  implode() [<a href='/php-manual-en/function.implode.html'>function.implode.html</a>]: Invalid arguments passed in /var/www/html/cinevi/tmp/install_56a5f737ec5df/com_fabrik.manifest.class.php on line 334
[25-Jan-2016 08:22:48 America/Sao_Paulo] PHP Notice:  Undefined property: stdClass::$plugins in /var/www/html/cinevi/tmp/install_56a5f737ec5df/com_fabrik.manifest.class.php on line 318
[25-Jan-2016 08:22:48 America/Sao_Paulo] PHP Notice:  Undefined property: stdClass::$plugins in /var/www/html/cinevi/tmp/install_56a5f737ec5df/com_fabrik.manifest.class.php on line 318
[25-Jan-2016 08:22:48 America/Sao_Paulo] PHP Notice:  Undefined variable: msg in /var/www/html/cinevi/tmp/install_56a5f737ec5df/com_fabrik.manifest.class.php on line 334
[25-Jan-2016 08:22:48 America/Sao_Paulo] PHP Warning:  implode() [<a href='/php-manual-en/function.implode.html'>function.implode.html</a>]: Invalid arguments passed in /var/www/html/cinevi/tmp/install_56a5f737ec5df/com_fabrik.manifest.class.php on line 334
[25-Jan-2016 08:22:50 America/Sao_Paulo] PHP Notice:  Undefined property: stdClass::$plugins in /var/www/html/cinevi/tmp/install_56a5f737ec5df/com_fabrik.manifest.class.php on line 318
[25-Jan-2016 08:22:50 America/Sao_Paulo] PHP Notice:  Undefined property: stdClass::$plugins in /var/www/html/cinevi/tmp/install_56a5f737ec5df/com_fabrik.manifest.class.php on line 318
[25-Jan-2016 08:22:50 America/Sao_Paulo] PHP Notice:  Undefined variable: msg in /var/www/html/cinevi/tmp/install_56a5f737ec5df/com_fabrik.manifest.class.php on line 334
[25-Jan-2016 08:22:50 America/Sao_Paulo] PHP Warning:  implode() [<a href='/php-manual-en/function.implode.html'>function.implode.html</a>]: Invalid arguments passed in /var/www/html/cinevi/tmp/install_56a5f737ec5df/com_fabrik.manifest.class.php on line 334
[25-Jan-2016 08:22:52 America/Sao_Paulo] PHP Notice:  Undefined property: stdClass::$plugins in /var/www/html/cinevi/tmp/install_56a5f737ec5df/com_fabrik.manifest.class.php on line 318
[25-Jan-2016 08:22:52 America/Sao_Paulo] PHP Notice:  Undefined property: stdClass::$plugins in /var/www/html/cinevi/tmp/install_56a5f737ec5df/com_fabrik.manifest.class.php on line 318
[25-Jan-2016 08:22:52 America/Sao_Paulo] PHP Notice:  Undefined variable: msg in /var/www/html/cinevi/tmp/install_56a5f737ec5df/com_fabrik.manifest.class.php on line 334
[25-Jan-2016 08:22:52 America/Sao_Paulo] PHP Warning:  implode() [<a href='/php-manual-en/function.implode.html'>function.implode.html</a>]: Invalid arguments passed in /var/www/html/cinevi/tmp/install_56a5f737ec5df/com_fabrik.manifest.class.php on line 334
[25-Jan-2016 08:22:54 America/Sao_Paulo] PHP Notice:  Undefined property: stdClass::$plugins in /var/www/html/cinevi/tmp/install_56a5f737ec5df/com_fabrik.manifest.class.php on line 318
[25-Jan-2016 08:22:54 America/Sao_Paulo] PHP Notice:  Undefined property: stdClass::$plugins in /var/www/html/cinevi/tmp/install_56a5f737ec5df/com_fabrik.manifest.class.php on line 318
[25-Jan-2016 08:22:54 America/Sao_Paulo] PHP Notice:  Undefined variable: msg in /var/www/html/cinevi/tmp/install_56a5f737ec5df/com_fabrik.manifest.class.php on line 334
[25-Jan-2016 08:22:54 America/Sao_Paulo] PHP Warning:  implode() [<a href='/php-manual-en/function.implode.html'>function.implode.html</a>]: Invalid arguments passed in /var/www/html/cinevi/tmp/install_56a5f737ec5df/com_fabrik.manifest.class.php on line 334
[25-Jan-2016 08:22:57 America/Sao_Paulo] PHP Notice:  Undefined property: stdClass::$plugins in /var/www/html/cinevi/tmp/install_56a5f737ec5df/com_fabrik.manifest.class.php on line 318
[25-Jan-2016 08:22:57 America/Sao_Paulo] PHP Notice:  Undefined property: stdClass::$plugins in /var/www/html/cinevi/tmp/install_56a5f737ec5df/com_fabrik.manifest.class.php on line 318
[25-Jan-2016 08:22:57 America/Sao_Paulo] PHP Notice:  Undefined variable: msg in /var/www/html/cinevi/tmp/install_56a5f737ec5df/com_fabrik.manifest.class.php on line 334
[25-Jan-2016 08:22:57 America/Sao_Paulo] PHP Warning:  implode() [<a href='/php-manual-en/function.implode.html'>function.implode.html</a>]: Invalid arguments passed in /var/www/html/cinevi/tmp/install_56a5f737ec5df/com_fabrik.manifest.class.php on line 334
[25-Jan-2016 08:22:58 America/Sao_Paulo] PHP Notice:  Undefined property: stdClass::$plugins in /var/www/html/cinevi/tmp/install_56a5f737ec5df/com_fabrik.manifest.class.php on line 318
[25-Jan-2016 08:22:58 America/Sao_Paulo] PHP Notice:  Undefined property: stdClass::$plugins in /var/www/html/cinevi/tmp/install_56a5f737ec5df/com_fabrik.manifest.class.php on line 318
[25-Jan-2016 08:22:58 America/Sao_Paulo] PHP Notice:  Undefined variable: msg in /var/www/html/cinevi/tmp/install_56a5f737ec5df/com_fabrik.manifest.class.php on line 334
[25-Jan-2016 08:22:58 America/Sao_Paulo] PHP Warning:  implode() [<a href='/php-manual-en/function.implode.html'>function.implode.html</a>]: Invalid arguments passed in /var/www/html/cinevi/tmp/install_56a5f737ec5df/com_fabrik.manifest.class.php on line 334
[25-Jan-2016 09:09:48 America/Sao_Paulo] PHP Notice:  Use of undefined constant SUBJECT_ACCESS_PUBLIC - assumed 'SUBJECT_ACCESS_PUBLIC' in /var/www/html/cinevi/administrator/components/com_booking/tables/subject.php on line 456
